<?xml version="1.0" encoding="UTF-8"?>
<!-- Generated by org.testng.reporters.JUnitReportReporter -->
<testsuite hostname="LAPTOP-7VP4C16T" failures="0" tests="1" name="testCases.LoginTestCase" time="1.408" errors="0" timestamp="2025-03-16T10:39:31 IST" skipped="0">
  <testcase classname="testCases.LoginTestCase" name="verifyLoginFunctionality" time="1.408"/>
</testsuite> <!-- testCases.LoginTestCase -->
