<?xml version="1.0" encoding="UTF-8"?>
<!-- Generated by org.testng.reporters.JUnitReportReporter -->
<testsuite hostname="LAPTOP-7VP4C16T" failures="0" tests="2" name="testCases.TC_001_AccountRegitrationTest" time="11.560" errors="0" timestamp="2025-03-26T14:06:29 IST" skipped="0">
  <testcase classname="testCases.TC_001_AccountRegitrationTest" name="verifyRegistration" time="5.378"/>
  <testcase classname="testCases.TC_001_AccountRegitrationTest" name="verifyRegistration" time="6.182"/>
</testsuite> <!-- testCases.TC_001_AccountRegitrationTest -->
