<?xml version="1.0" encoding="UTF-8"?>
<!-- Generated by org.testng.reporters.JUnitReportReporter -->
<testsuite hostname="LAPTOP-7VP4C16T" failures="0" tests="2" name="testCases.TC002_LoginTest" time="14.442" errors="0" timestamp="2025-03-26T14:06:29 IST" skipped="0">
  <testcase classname="testCases.TC002_LoginTest" name="verifyLogin" time="6.829"/>
  <testcase classname="testCases.TC002_LoginTest" name="verifyLogin" time="7.613"/>
</testsuite> <!-- testCases.TC002_LoginTest -->
