<?xml version="1.0" encoding="UTF-8"?>
<!-- Generated by org.testng.reporters.JUnitReportReporter -->
<testsuite hostname="LAPTOP-7VP4C16T" failures="0" tests="1" name="testCases.TC_001_AccountRegitrationTest" time="5.493" errors="0" timestamp="2025-04-01T12:34:51 IST" skipped="0">
  <testcase classname="testCases.TC_001_AccountRegitrationTest" name="verifyRegistration" time="5.493"/>
</testsuite> <!-- testCases.TC_001_AccountRegitrationTest -->
